# JRE version: OpenJDK Runtime Environment Temurin-21.0.10+7 (21.0.10+7) (build 21.0.10+7-LTS)
# Java VM: OpenJDK 64-Bit Server VM Temurin-21.0.10+7 (21.0.10+7-LTS, mixed mode, sharing, tiered, compressed oops, compressed class ptrs, g1 gc, windows-amd64)
GC Precious Log:
 CardTable entry size: 512
 Card Set container configuration: InlinePtr #cards 4 size 8 Array Of Cards #cards 32 size 80 Howl #buckets 8 coarsen threshold 7372 Howl Bitmap #cards 1024 size 144 coarsen threshold 921 Card regions per heap region 1 cards per card region 8192
 CPUs: 8 total, 8 available
 Memory: 16167M
 Large Page Support: Disabled
 NUMA Support: Disabled
 Compressed Oops: Enabled (Zero based)
 Heap Region Size: 4M
 Heap Min Capacity: 8M
 Heap Initial Capacity: 256M
 Heap Max Capacity: 8G
 Pre-touch: Disabled
 Parallel Workers: 8
 Concurrent Workers: 2
 Concurrent Refinement Workers: 8
 Periodic GC: Disabled
Heap:
 garbage-first heap   total 561152K, used 298753K [0x0000000600000000, 0x0000000800000000)
  region size 4096K, 6 young (24576K), 4 survivors (16384K)
 Metaspace       used 173673K, committed 176512K, reserved 1245184K
  class space    used 23236K, committed 24640K, reserved 1048576K
GC Heap History (20 events):
Event: 26.908 GC heap before
{Heap before GC invocations=44 (full 0):
 garbage-first heap   total 200704K, used 164053K [0x0000000600000000, 0x0000000800000000)
  region size 4096K, 11 young (45056K), 2 survivors (8192K)
 Metaspace       used 108233K, committed 110656K, reserved 1179648K
  class space    used 15697K, committed 16832K, reserved 1048576K
}
Event: 26.918 GC heap after
{Heap after GC invocations=45 (full 0):
 garbage-first heap   total 409600K, used 146277K [0x0000000600000000, 0x0000000800000000)
  region size 4096K, 2 young (8192K), 2 survivors (8192K)
 Metaspace       used 108233K, committed 110656K, reserved 1179648K
  class space    used 15697K, committed 16832K, reserved 1048576K
}
Event: 28.434 GC heap before
{Heap before GC invocations=45 (full 0):
 garbage-first heap   total 409600K, used 301925K [0x0000000600000000, 0x0000000800000000)
  region size 4096K, 41 young (167936K), 2 survivors (8192K)
 Metaspace       used 125971K, committed 128320K, reserved 1179648K
  class space    used 17533K, committed 18688K, reserved 1048576K
}
Event: 28.444 GC heap after
{Heap after GC invocations=46 (full 0):
 garbage-first heap   total 409600K, used 157056K [0x0000000600000000, 0x0000000800000000)
  region size 4096K, 5 young (20480K), 5 survivors (20480K)
 Metaspace       used 125971K, committed 128320K, reserved 1179648K
  class space    used 17533K, committed 18688K, reserved 1048576K
}
Event: 30.790 GC heap before
{Heap before GC invocations=46 (full 0):
 garbage-first heap   total 409600K, used 337280K [0x0000000600000000, 0x0000000800000000)
  region size 4096K, 49 young (200704K), 5 survivors (20480K)
 Metaspace       used 138065K, committed 140416K, reserved 1179648K
  class space    used 18836K, committed 19968K, reserved 1048576K
}
Event: 30.808 GC heap after
{Heap after GC invocations=47 (full 0):
 garbage-first heap   total 409600K, used 184595K [0x0000000600000000, 0x0000000800000000)
  region size 4096K, 7 young (28672K), 7 survivors (28672K)
 Metaspace       used 138065K, committed 140416K, reserved 1179648K
  class space    used 18836K, committed 19968K, reserved 1048576K
}
Event: 32.829 GC heap before
{Heap before GC invocations=47 (full 0):
 garbage-first heap   total 409600K, used 336147K [0x0000000600000000, 0x0000000800000000)
  region size 4096K, 44 young (180224K), 7 survivors (28672K)
 Metaspace       used 156015K, committed 158400K, reserved 1245184K
  class space    used 20777K, committed 21952K, reserved 1048576K
}
Event: 32.846 GC heap after
{Heap after GC invocations=48 (full 0):
 garbage-first heap   total 409600K, used 196806K [0x0000000600000000, 0x0000000800000000)
  region size 4096K, 3 young (12288K), 3 survivors (12288K)
 Metaspace       used 156015K, committed 158400K, reserved 1245184K
  class space    used 20777K, committed 21952K, reserved 1048576K
}
Event: 34.231 GC heap before
{Heap before GC invocations=49 (full 0):
 garbage-first heap   total 409600K, used 348358K [0x0000000600000000, 0x0000000800000000)
  region size 4096K, 40 young (163840K), 3 survivors (12288K)
 Metaspace       used 166558K, committed 169024K, reserved 1245184K
  class space    used 22410K, committed 23616K, reserved 1048576K
}
Event: 34.238 GC heap after
{Heap after GC invocations=50 (full 0):
 garbage-first heap   total 409600K, used 201284K [0x0000000600000000, 0x0000000800000000)
  region size 4096K, 4 young (16384K), 4 survivors (16384K)
 Metaspace       used 166558K, committed 169024K, reserved 1245184K
  class space    used 22410K, committed 23616K, reserved 1048576K
}
Event: 35.982 GC heap before
{Heap before GC invocations=50 (full 0):
 garbage-first heap   total 409600K, used 352836K [0x0000000600000000, 0x0000000800000000)
  region size 4096K, 42 young (172032K), 4 survivors (16384K)
 Metaspace       used 171244K, committed 174016K, reserved 1245184K
  class space    used 23063K, committed 24448K, reserved 1048576K
}
Event: 36.000 GC heap after
{Heap after GC invocations=51 (full 0):
 garbage-first heap   total 409600K, used 216325K [0x0000000600000000, 0x0000000800000000)
  region size 4096K, 6 young (24576K), 6 survivors (24576K)
 Metaspace       used 171244K, committed 174016K, reserved 1245184K
  class space    used 23063K, committed 24448K, reserved 1048576K
}
Event: 37.441 GC heap before
{Heap before GC invocations=51 (full 0):
 garbage-first heap   total 409600K, used 355589K [0x0000000600000000, 0x0000000800000000)
  region size 4096K, 41 young (167936K), 6 survivors (24576K)
 Metaspace       used 171512K, committed 174272K, reserved 1245184K
  class space    used 23091K, committed 24448K, reserved 1048576K
}
Event: 37.460 GC heap after
{Heap after GC invocations=52 (full 0):
 garbage-first heap   total 409600K, used 237760K [0x0000000600000000, 0x0000000800000000)
  region size 4096K, 6 young (24576K), 6 survivors (24576K)
 Metaspace       used 171512K, committed 174272K, reserved 1245184K
  class space    used 23091K, committed 24448K, reserved 1048576K
}
Event: 38.206 GC heap before
{Heap before GC invocations=53 (full 0):
 garbage-first heap   total 409600K, used 331968K [0x0000000600000000, 0x0000000800000000)
  region size 4096K, 35 young (143360K), 6 survivors (24576K)
 Metaspace       used 171931K, committed 174720K, reserved 1245184K
  class space    used 23113K, committed 24512K, reserved 1048576K
}
Event: 38.234 GC heap after
{Heap after GC invocations=54 (full 0):
 garbage-first heap   total 409600K, used 258047K [0x0000000600000000, 0x0000000800000000)
  region size 4096K, 5 young (20480K), 5 survivors (20480K)
 Metaspace       used 171931K, committed 174720K, reserved 1245184K
  class space    used 23113K, committed 24512K, reserved 1048576K
}
Event: 39.408 GC heap before
{Heap before GC invocations=54 (full 0):
 garbage-first heap   total 409600K, used 348159K [0x0000000600000000, 0x0000000800000000)
  region size 4096K, 27 young (110592K), 5 survivors (20480K)
 Metaspace       used 173505K, committed 176384K, reserved 1245184K
  class space    used 23235K, committed 24640K, reserved 1048576K
}
Event: 39.429 GC heap after
{Heap after GC invocations=55 (full 0):
 garbage-first heap   total 409600K, used 250818K [0x0000000600000000, 0x0000000800000000)
  region size 4096K, 4 young (16384K), 4 survivors (16384K)
 Metaspace       used 173505K, committed 176384K, reserved 1245184K
  class space    used 23235K, committed 24640K, reserved 1048576K
}
Event: 39.604 GC heap before
{Heap before GC invocations=55 (full 0):
 garbage-first heap   total 409600K, used 340930K [0x0000000600000000, 0x0000000800000000)
  region size 4096K, 26 young (106496K), 4 survivors (16384K)
 Metaspace       used 173525K, committed 176384K, reserved 1245184K
  class space    used 23235K, committed 24640K, reserved 1048576K
}
Event: 39.629 GC heap after
{Heap after GC invocations=56 (full 0):
 garbage-first heap   total 561152K, used 294657K [0x0000000600000000, 0x0000000800000000)
  region size 4096K, 4 young (16384K), 4 survivors (16384K)
 Metaspace       used 173525K, committed 176384K, reserved 1245184K
  class space    used 23235K, committed 24640K, reserved 1048576K
}

